14:57:59.408 logback [main] INFO  com.yeepay.web.Application - Starting Application on wycxhs with PID 17648 (C:\work\YEEPAY\yeepay-web\out\production\classes started by Administrator in C:\work\YEEPAY)
14:57:59.411 logback [main] INFO  com.yeepay.web.Application - The following profiles are active: local
14:57:59.555 logback [main] INFO  o.s.b.c.e.AnnotationConfigEmbeddedWebApplicationContext - Refreshing org.springframework.boot.context.embedded.AnnotationConfigEmbeddedWebApplicationContext@59fd97a8: startup date [Wed May 30 14:57:59 CST 2018]; root of context hierarchy
14:57:59.846 logback [background-preinit] INFO  o.h.validator.internal.util.Version - HV000001: Hibernate Validator 5.3.5.Final
14:58:01.588 logback [main] WARN  o.m.s.mapper.ClassPathMapperScanner - No MyBatis mapper was found in '[com.acquiring.bx.dao]' package. Please check your configuration.
14:58:01.848 logback [main] INFO  o.s.d.r.c.RepositoryConfigurationDelegate - Multiple Spring Data modules found, entering strict repository configuration mode!
14:58:02.386 logback [main] INFO  o.s.c.s.PostProcessorRegistrationDelegate$BeanPostProcessorChecker - Bean 'org.springframework.amqp.rabbit.annotation.RabbitBootstrapConfiguration' of type [org.springframework.amqp.rabbit.annotation.RabbitBootstrapConfiguration$$EnhancerBySpringCGLIB$$171669c3] is not eligible for getting processed by all BeanPostProcessors (for example: not eligible for auto-proxying)
14:58:02.910 logback [main] INFO  o.s.b.c.e.t.TomcatEmbeddedServletContainer - Tomcat initialized with port(s): 9220 (http)
14:58:02.922 logback [main] INFO  o.a.catalina.core.StandardService - Starting service Tomcat
14:58:02.925 logback [main] INFO  o.a.catalina.core.StandardEngine - Starting Servlet Engine: Apache Tomcat/8.5.14
14:58:03.070 logback [localhost-startStop-1] INFO  o.a.c.c.C.[Tomcat].[localhost].[/] - Initializing Spring embedded WebApplicationContext
14:58:03.071 logback [localhost-startStop-1] INFO  o.s.web.context.ContextLoader - Root WebApplicationContext: initialization completed in 3517 ms
14:58:03.440 logback [localhost-startStop-1] INFO  o.s.b.w.s.ServletRegistrationBean - Mapping servlet: 'dispatcherServlet' to [/]
14:58:03.448 logback [localhost-startStop-1] INFO  o.s.b.w.s.FilterRegistrationBean - Mapping filter: 'characterEncodingFilter' to: [/*]
14:58:03.448 logback [localhost-startStop-1] INFO  o.s.b.w.s.FilterRegistrationBean - Mapping filter: 'springSessionRepositoryFilter' to: [/*]
14:58:03.448 logback [localhost-startStop-1] INFO  o.s.b.w.s.FilterRegistrationBean - Mapping filter: 'hiddenHttpMethodFilter' to: [/*]
14:58:03.448 logback [localhost-startStop-1] INFO  o.s.b.w.s.FilterRegistrationBean - Mapping filter: 'httpPutFormContentFilter' to: [/*]
14:58:03.448 logback [localhost-startStop-1] INFO  o.s.b.w.s.FilterRegistrationBean - Mapping filter: 'requestContextFilter' to: [/*]
14:58:03.520 logback [main] WARN  o.s.b.c.e.AnnotationConfigEmbeddedWebApplicationContext - Exception encountered during context initialization - cancelling refresh attempt: org.springframework.beans.factory.UnsatisfiedDependencyException: Error creating bean with name 'individualImpl': Unsatisfied dependency expressed through field 'yeeConfig'; nested exception is org.springframework.beans.factory.BeanCreationException: Error creating bean with name 'yeeConfig': Injection of autowired dependencies failed; nested exception is java.lang.IllegalArgumentException: Could not resolve placeholder 'parent.merchant.no' in value "${parent.merchant.no}"
14:58:03.524 logback [main] INFO  o.a.catalina.core.StandardService - Stopping service Tomcat
14:58:03.556 logback [main] INFO  o.s.b.a.l.AutoConfigurationReportLoggingInitializer - 

Error starting ApplicationContext. To display the auto-configuration report re-run your application with 'debug' enabled.
14:58:03.568 logback [main] ERROR o.s.boot.SpringApplication - Application startup failed
org.springframework.beans.factory.UnsatisfiedDependencyException: Error creating bean with name 'individualImpl': Unsatisfied dependency expressed through field 'yeeConfig'; nested exception is org.springframework.beans.factory.BeanCreationException: Error creating bean with name 'yeeConfig': Injection of autowired dependencies failed; nested exception is java.lang.IllegalArgumentException: Could not resolve placeholder 'parent.merchant.no' in value "${parent.merchant.no}"
	at org.springframework.beans.factory.annotation.AutowiredAnnotationBeanPostProcessor$AutowiredFieldElement.inject(AutowiredAnnotationBeanPostProcessor.java:588)
	at org.springframework.beans.factory.annotation.InjectionMetadata.inject(InjectionMetadata.java:88)
	at org.springframework.beans.factory.annotation.AutowiredAnnotationBeanPostProcessor.postProcessPropertyValues(AutowiredAnnotationBeanPostProcessor.java:366)
	at org.springframework.beans.factory.support.AbstractAutowireCapableBeanFactory.populateBean(AbstractAutowireCapableBeanFactory.java:1264)
	at org.springframework.beans.factory.support.AbstractAutowireCapableBeanFactory.doCreateBean(AbstractAutowireCapableBeanFactory.java:553)
	at org.springframework.beans.factory.support.AbstractAutowireCapableBeanFactory.createBean(AbstractAutowireCapableBeanFactory.java:483)
	at org.springframework.beans.factory.support.AbstractBeanFactory$1.getObject(AbstractBeanFactory.java:306)
	at org.springframework.beans.factory.support.DefaultSingletonBeanRegistry.getSingleton(DefaultSingletonBeanRegistry.java:230)
	at org.springframework.beans.factory.support.AbstractBeanFactory.doGetBean(AbstractBeanFactory.java:302)
	at org.springframework.beans.factory.support.AbstractBeanFactory.getBean(AbstractBeanFactory.java:197)
	at org.springframework.beans.factory.support.DefaultListableBeanFactory.preInstantiateSingletons(DefaultListableBeanFactory.java:761)
	at org.springframework.context.support.AbstractApplicationContext.finishBeanFactoryInitialization(AbstractApplicationContext.java:866)
	at org.springframework.context.support.AbstractApplicationContext.refresh(AbstractApplicationContext.java:542)
	at org.springframework.boot.context.embedded.EmbeddedWebApplicationContext.refresh(EmbeddedWebApplicationContext.java:122)
	at org.springframework.boot.SpringApplication.refresh(SpringApplication.java:737)
	at org.springframework.boot.SpringApplication.refreshContext(SpringApplication.java:370)
	at org.springframework.boot.SpringApplication.run(SpringApplication.java:314)
	at org.springframework.boot.SpringApplication.run(SpringApplication.java:1162)
	at org.springframework.boot.SpringApplication.run(SpringApplication.java:1151)
	at com.yeepay.web.Application.main(Application.java:22)
Caused by: org.springframework.beans.factory.BeanCreationException: Error creating bean with name 'yeeConfig': Injection of autowired dependencies failed; nested exception is java.lang.IllegalArgumentException: Could not resolve placeholder 'parent.merchant.no' in value "${parent.merchant.no}"
	at org.springframework.beans.factory.annotation.AutowiredAnnotationBeanPostProcessor.postProcessPropertyValues(AutowiredAnnotationBeanPostProcessor.java:372)
	at org.springframework.beans.factory.support.AbstractAutowireCapableBeanFactory.populateBean(AbstractAutowireCapableBeanFactory.java:1264)
	at org.springframework.beans.factory.support.AbstractAutowireCapableBeanFactory.doCreateBean(AbstractAutowireCapableBeanFactory.java:553)
	at org.springframework.beans.factory.support.AbstractAutowireCapableBeanFactory.createBean(AbstractAutowireCapableBeanFactory.java:483)
	at org.springframework.beans.factory.support.AbstractBeanFactory$1.getObject(AbstractBeanFactory.java:306)
	at org.springframework.beans.factory.support.DefaultSingletonBeanRegistry.getSingleton(DefaultSingletonBeanRegistry.java:230)
	at org.springframework.beans.factory.support.AbstractBeanFactory.doGetBean(AbstractBeanFactory.java:302)
	at org.springframework.beans.factory.support.AbstractBeanFactory.getBean(AbstractBeanFactory.java:202)
	at org.springframework.beans.factory.config.DependencyDescriptor.resolveCandidate(DependencyDescriptor.java:208)
	at org.springframework.beans.factory.support.DefaultListableBeanFactory.doResolveDependency(DefaultListableBeanFactory.java:1138)
	at org.springframework.beans.factory.support.DefaultListableBeanFactory.resolveDependency(DefaultListableBeanFactory.java:1066)
	at org.springframework.beans.factory.annotation.AutowiredAnnotationBeanPostProcessor$AutowiredFieldElement.inject(AutowiredAnnotationBeanPostProcessor.java:585)
	... 19 common frames omitted
Caused by: java.lang.IllegalArgumentException: Could not resolve placeholder 'parent.merchant.no' in value "${parent.merchant.no}"
	at org.springframework.util.PropertyPlaceholderHelper.parseStringValue(PropertyPlaceholderHelper.java:174)
	at org.springframework.util.PropertyPlaceholderHelper.replacePlaceholders(PropertyPlaceholderHelper.java:126)
	at org.springframework.core.env.AbstractPropertyResolver.doResolvePlaceholders(AbstractPropertyResolver.java:236)
	at org.springframework.core.env.AbstractPropertyResolver.resolveRequiredPlaceholders(AbstractPropertyResolver.java:210)
	at org.springframework.context.support.PropertySourcesPlaceholderConfigurer$2.resolveStringValue(PropertySourcesPlaceholderConfigurer.java:172)
	at org.springframework.beans.factory.support.AbstractBeanFactory.resolveEmbeddedValue(AbstractBeanFactory.java:831)
	at org.springframework.beans.factory.support.DefaultListableBeanFactory.doResolveDependency(DefaultListableBeanFactory.java:1086)
	at org.springframework.beans.factory.support.DefaultListableBeanFactory.resolveDependency(DefaultListableBeanFactory.java:1066)
	at org.springframework.beans.factory.annotation.AutowiredAnnotationBeanPostProcessor$AutowiredFieldElement.inject(AutowiredAnnotationBeanPostProcessor.java:585)
	at org.springframework.beans.factory.annotation.InjectionMetadata.inject(InjectionMetadata.java:88)
	at org.springframework.beans.factory.annotation.AutowiredAnnotationBeanPostProcessor.postProcessPropertyValues(AutowiredAnnotationBeanPostProcessor.java:366)
	... 30 common frames omitted
14:58:30.358 logback [main] INFO  com.yeepay.web.Application - Starting Application on wycxhs with PID 13832 (C:\work\YEEPAY\yeepay-web\out\production\classes started by Administrator in C:\work\YEEPAY)
14:58:30.361 logback [main] INFO  com.yeepay.web.Application - The following profiles are active: local
14:58:30.413 logback [main] INFO  o.s.b.c.e.AnnotationConfigEmbeddedWebApplicationContext - Refreshing org.springframework.boot.context.embedded.AnnotationConfigEmbeddedWebApplicationContext@f5ac9e4: startup date [Wed May 30 14:58:30 CST 2018]; root of context hierarchy
14:58:30.632 logback [background-preinit] INFO  o.h.validator.internal.util.Version - HV000001: Hibernate Validator 5.3.5.Final
14:58:31.543 logback [main] WARN  o.m.s.mapper.ClassPathMapperScanner - No MyBatis mapper was found in '[com.acquiring.bx.dao]' package. Please check your configuration.
14:58:31.789 logback [main] INFO  o.s.d.r.c.RepositoryConfigurationDelegate - Multiple Spring Data modules found, entering strict repository configuration mode!
14:58:32.316 logback [main] INFO  o.s.c.s.PostProcessorRegistrationDelegate$BeanPostProcessorChecker - Bean 'org.springframework.amqp.rabbit.annotation.RabbitBootstrapConfiguration' of type [org.springframework.amqp.rabbit.annotation.RabbitBootstrapConfiguration$$EnhancerBySpringCGLIB$$fa466409] is not eligible for getting processed by all BeanPostProcessors (for example: not eligible for auto-proxying)
14:58:32.795 logback [main] INFO  o.s.b.c.e.t.TomcatEmbeddedServletContainer - Tomcat initialized with port(s): 9220 (http)
14:58:32.806 logback [main] INFO  o.a.catalina.core.StandardService - Starting service Tomcat
14:58:32.807 logback [main] INFO  o.a.catalina.core.StandardEngine - Starting Servlet Engine: Apache Tomcat/8.5.14
14:58:32.943 logback [localhost-startStop-1] INFO  o.a.c.c.C.[Tomcat].[localhost].[/] - Initializing Spring embedded WebApplicationContext
14:58:32.943 logback [localhost-startStop-1] INFO  o.s.web.context.ContextLoader - Root WebApplicationContext: initialization completed in 2530 ms
14:58:33.297 logback [localhost-startStop-1] INFO  o.s.b.w.s.ServletRegistrationBean - Mapping servlet: 'dispatcherServlet' to [/]
14:58:33.305 logback [localhost-startStop-1] INFO  o.s.b.w.s.FilterRegistrationBean - Mapping filter: 'characterEncodingFilter' to: [/*]
14:58:33.305 logback [localhost-startStop-1] INFO  o.s.b.w.s.FilterRegistrationBean - Mapping filter: 'springSessionRepositoryFilter' to: [/*]
14:58:33.305 logback [localhost-startStop-1] INFO  o.s.b.w.s.FilterRegistrationBean - Mapping filter: 'hiddenHttpMethodFilter' to: [/*]
14:58:33.306 logback [localhost-startStop-1] INFO  o.s.b.w.s.FilterRegistrationBean - Mapping filter: 'httpPutFormContentFilter' to: [/*]
14:58:33.306 logback [localhost-startStop-1] INFO  o.s.b.w.s.FilterRegistrationBean - Mapping filter: 'requestContextFilter' to: [/*]
14:58:33.506 logback [main] ERROR c.a.d.pool.DruidAbstractDataSource - maxIdle is deprecated
14:58:33.608 logback [main] INFO  javax.sql.DataSource - ======开始加载平台数据库配置=======
14:58:34.153 logback [main] INFO  o.s.w.s.m.m.a.RequestMappingHandlerAdapter - Looking for @ControllerAdvice: org.springframework.boot.context.embedded.AnnotationConfigEmbeddedWebApplicationContext@f5ac9e4: startup date [Wed May 30 14:58:30 CST 2018]; root of context hierarchy
14:58:34.237 logback [main] INFO  o.s.w.s.m.m.a.RequestMappingHandlerMapping - Mapped "{[/error]}" onto public org.springframework.http.ResponseEntity<java.util.Map<java.lang.String, java.lang.Object>> org.springframework.boot.autoconfigure.web.BasicErrorController.error(javax.servlet.http.HttpServletRequest)
14:58:34.238 logback [main] INFO  o.s.w.s.m.m.a.RequestMappingHandlerMapping - Mapped "{[/error],produces=[text/html]}" onto public org.springframework.web.servlet.ModelAndView org.springframework.boot.autoconfigure.web.BasicErrorController.errorHtml(javax.servlet.http.HttpServletRequest,javax.servlet.http.HttpServletResponse)
14:58:34.283 logback [main] INFO  o.s.w.s.h.SimpleUrlHandlerMapping - Mapped URL path [/webjars/**] onto handler of type [class org.springframework.web.servlet.resource.ResourceHttpRequestHandler]
14:58:34.283 logback [main] INFO  o.s.w.s.h.SimpleUrlHandlerMapping - Mapped URL path [/**] onto handler of type [class org.springframework.web.servlet.resource.ResourceHttpRequestHandler]
14:58:34.309 logback [main] INFO  o.s.w.s.m.m.a.ExceptionHandlerExceptionResolver - Detected @ExceptionHandler methods in globalExceptionHandler
14:58:34.341 logback [main] INFO  o.s.w.s.h.SimpleUrlHandlerMapping - Mapped URL path [/**/favicon.ico] onto handler of type [class org.springframework.web.servlet.resource.ResourceHttpRequestHandler]
14:58:34.867 logback [main] INFO  o.s.u.f.SpringTemplateLoader - SpringTemplateLoader for FreeMarker: using resource loader [org.springframework.boot.context.embedded.AnnotationConfigEmbeddedWebApplicationContext@f5ac9e4: startup date [Wed May 30 14:58:30 CST 2018]; root of context hierarchy] and template loader path [classpath:/templates/]
14:58:34.868 logback [main] INFO  o.s.w.s.v.f.FreeMarkerConfigurer - ClassTemplateLoader for Spring macros added to FreeMarker configuration
14:58:34.907 logback [main] WARN  o.s.b.a.f.FreeMarkerAutoConfiguration - Cannot find template location(s): [classpath:/templates/] (please add some templates, check your FreeMarker configuration, or set spring.freemarker.checkTemplateLocation=false)
14:58:35.118 logback [main] INFO  o.s.j.e.a.AnnotationMBeanExporter - Registering beans for JMX exposure on startup
14:58:35.119 logback [main] INFO  o.s.j.e.a.AnnotationMBeanExporter - Bean with name 'payDataSource' has been autodetected for JMX exposure
14:58:35.129 logback [main] INFO  o.s.j.e.a.AnnotationMBeanExporter - Bean with name 'rabbitConnectionFactory' has been autodetected for JMX exposure
14:58:35.132 logback [main] INFO  o.s.j.e.a.AnnotationMBeanExporter - Located MBean 'payDataSource': registering with JMX server as MBean [com.alibaba.druid.pool:name=payDataSource,type=DruidDataSource]
14:58:35.134 logback [main] INFO  o.s.j.e.a.AnnotationMBeanExporter - Located managed bean 'rabbitConnectionFactory': registering with JMX server as MBean [org.springframework.amqp.rabbit.connection:name=rabbitConnectionFactory,type=CachingConnectionFactory]
14:58:35.159 logback [main] INFO  o.s.c.s.DefaultLifecycleProcessor - Starting beans in phase -2147482648
14:58:35.160 logback [main] INFO  o.s.c.s.DefaultLifecycleProcessor - Starting beans in phase 2147483647
14:58:35.194 logback [main] INFO  o.s.s.a.ScheduledAnnotationBeanPostProcessor - No TaskScheduler/ScheduledExecutorService bean found for scheduled processing
14:58:35.207 logback [main] INFO  o.a.coyote.http11.Http11NioProtocol - Initializing ProtocolHandler ["http-nio-9220"]
14:58:35.223 logback [main] INFO  o.a.coyote.http11.Http11NioProtocol - Starting ProtocolHandler ["http-nio-9220"]
14:58:35.234 logback [main] INFO  o.a.tomcat.util.net.NioSelectorPool - Using a shared selector for servlet write/read
14:58:35.266 logback [main] INFO  o.s.b.c.e.t.TomcatEmbeddedServletContainer - Tomcat started on port(s): 9220 (http)
14:58:35.272 logback [main] INFO  com.yeepay.web.Application - Started Application in 6.087 seconds (JVM running for 6.916)
14:59:32.498 logback [main] INFO  com.yeepay.web.Application - Starting Application on wycxhs with PID 17196 (C:\work\YEEPAY\yeepay-web\out\production\classes started by Administrator in C:\work\YEEPAY)
14:59:32.502 logback [main] INFO  com.yeepay.web.Application - The following profiles are active: local
14:59:32.561 logback [main] INFO  o.s.b.c.e.AnnotationConfigEmbeddedWebApplicationContext - Refreshing org.springframework.boot.context.embedded.AnnotationConfigEmbeddedWebApplicationContext@f5ac9e4: startup date [Wed May 30 14:59:32 CST 2018]; root of context hierarchy
14:59:32.810 logback [background-preinit] INFO  o.h.validator.internal.util.Version - HV000001: Hibernate Validator 5.3.5.Final
14:59:33.653 logback [main] WARN  o.m.s.mapper.ClassPathMapperScanner - No MyBatis mapper was found in '[com.acquiring.bx.dao]' package. Please check your configuration.
14:59:33.884 logback [main] INFO  o.s.d.r.c.RepositoryConfigurationDelegate - Multiple Spring Data modules found, entering strict repository configuration mode!
14:59:34.393 logback [main] INFO  o.s.c.s.PostProcessorRegistrationDelegate$BeanPostProcessorChecker - Bean 'org.springframework.amqp.rabbit.annotation.RabbitBootstrapConfiguration' of type [org.springframework.amqp.rabbit.annotation.RabbitBootstrapConfiguration$$EnhancerBySpringCGLIB$$b756e171] is not eligible for getting processed by all BeanPostProcessors (for example: not eligible for auto-proxying)
14:59:34.923 logback [main] INFO  o.s.b.c.e.t.TomcatEmbeddedServletContainer - Tomcat initialized with port(s): 9220 (http)
14:59:34.940 logback [main] INFO  o.a.catalina.core.StandardService - Starting service Tomcat
14:59:34.942 logback [main] INFO  o.a.catalina.core.StandardEngine - Starting Servlet Engine: Apache Tomcat/8.5.14
14:59:35.107 logback [localhost-startStop-1] INFO  o.a.c.c.C.[Tomcat].[localhost].[/] - Initializing Spring embedded WebApplicationContext
14:59:35.107 logback [localhost-startStop-1] INFO  o.s.web.context.ContextLoader - Root WebApplicationContext: initialization completed in 2546 ms
14:59:35.468 logback [localhost-startStop-1] INFO  o.s.b.w.s.ServletRegistrationBean - Mapping servlet: 'dispatcherServlet' to [/]
14:59:35.475 logback [localhost-startStop-1] INFO  o.s.b.w.s.FilterRegistrationBean - Mapping filter: 'characterEncodingFilter' to: [/*]
14:59:35.476 logback [localhost-startStop-1] INFO  o.s.b.w.s.FilterRegistrationBean - Mapping filter: 'springSessionRepositoryFilter' to: [/*]
14:59:35.476 logback [localhost-startStop-1] INFO  o.s.b.w.s.FilterRegistrationBean - Mapping filter: 'hiddenHttpMethodFilter' to: [/*]
14:59:35.476 logback [localhost-startStop-1] INFO  o.s.b.w.s.FilterRegistrationBean - Mapping filter: 'httpPutFormContentFilter' to: [/*]
14:59:35.476 logback [localhost-startStop-1] INFO  o.s.b.w.s.FilterRegistrationBean - Mapping filter: 'requestContextFilter' to: [/*]
14:59:35.668 logback [main] ERROR c.a.d.pool.DruidAbstractDataSource - maxIdle is deprecated
14:59:35.784 logback [main] INFO  javax.sql.DataSource - ======开始加载平台数据库配置=======
14:59:36.276 logback [main] INFO  o.s.w.s.m.m.a.RequestMappingHandlerAdapter - Looking for @ControllerAdvice: org.springframework.boot.context.embedded.AnnotationConfigEmbeddedWebApplicationContext@f5ac9e4: startup date [Wed May 30 14:59:32 CST 2018]; root of context hierarchy
14:59:36.353 logback [main] INFO  o.s.w.s.m.m.a.RequestMappingHandlerMapping - Mapped "{[/error]}" onto public org.springframework.http.ResponseEntity<java.util.Map<java.lang.String, java.lang.Object>> org.springframework.boot.autoconfigure.web.BasicErrorController.error(javax.servlet.http.HttpServletRequest)
14:59:36.355 logback [main] INFO  o.s.w.s.m.m.a.RequestMappingHandlerMapping - Mapped "{[/error],produces=[text/html]}" onto public org.springframework.web.servlet.ModelAndView org.springframework.boot.autoconfigure.web.BasicErrorController.errorHtml(javax.servlet.http.HttpServletRequest,javax.servlet.http.HttpServletResponse)
14:59:36.399 logback [main] INFO  o.s.w.s.h.SimpleUrlHandlerMapping - Mapped URL path [/webjars/**] onto handler of type [class org.springframework.web.servlet.resource.ResourceHttpRequestHandler]
14:59:36.399 logback [main] INFO  o.s.w.s.h.SimpleUrlHandlerMapping - Mapped URL path [/**] onto handler of type [class org.springframework.web.servlet.resource.ResourceHttpRequestHandler]
14:59:36.422 logback [main] INFO  o.s.w.s.m.m.a.ExceptionHandlerExceptionResolver - Detected @ExceptionHandler methods in globalExceptionHandler
14:59:36.453 logback [main] INFO  o.s.w.s.h.SimpleUrlHandlerMapping - Mapped URL path [/**/favicon.ico] onto handler of type [class org.springframework.web.servlet.resource.ResourceHttpRequestHandler]
14:59:36.962 logback [main] INFO  o.s.u.f.SpringTemplateLoader - SpringTemplateLoader for FreeMarker: using resource loader [org.springframework.boot.context.embedded.AnnotationConfigEmbeddedWebApplicationContext@f5ac9e4: startup date [Wed May 30 14:59:32 CST 2018]; root of context hierarchy] and template loader path [classpath:/templates/]
14:59:36.963 logback [main] INFO  o.s.w.s.v.f.FreeMarkerConfigurer - ClassTemplateLoader for Spring macros added to FreeMarker configuration
14:59:36.995 logback [main] WARN  o.s.b.a.f.FreeMarkerAutoConfiguration - Cannot find template location(s): [classpath:/templates/] (please add some templates, check your FreeMarker configuration, or set spring.freemarker.checkTemplateLocation=false)
14:59:37.185 logback [main] INFO  o.s.j.e.a.AnnotationMBeanExporter - Registering beans for JMX exposure on startup
14:59:37.186 logback [main] INFO  o.s.j.e.a.AnnotationMBeanExporter - Bean with name 'payDataSource' has been autodetected for JMX exposure
14:59:37.197 logback [main] INFO  o.s.j.e.a.AnnotationMBeanExporter - Bean with name 'rabbitConnectionFactory' has been autodetected for JMX exposure
14:59:37.200 logback [main] INFO  o.s.j.e.a.AnnotationMBeanExporter - Located MBean 'payDataSource': registering with JMX server as MBean [com.alibaba.druid.pool:name=payDataSource,type=DruidDataSource]
14:59:37.202 logback [main] INFO  o.s.j.e.a.AnnotationMBeanExporter - Located managed bean 'rabbitConnectionFactory': registering with JMX server as MBean [org.springframework.amqp.rabbit.connection:name=rabbitConnectionFactory,type=CachingConnectionFactory]
14:59:37.222 logback [main] INFO  o.s.c.s.DefaultLifecycleProcessor - Starting beans in phase -2147482648
14:59:37.222 logback [main] INFO  o.s.c.s.DefaultLifecycleProcessor - Starting beans in phase 2147483647
14:59:37.256 logback [main] INFO  o.s.s.a.ScheduledAnnotationBeanPostProcessor - No TaskScheduler/ScheduledExecutorService bean found for scheduled processing
14:59:37.269 logback [main] INFO  o.a.coyote.http11.Http11NioProtocol - Initializing ProtocolHandler ["http-nio-9220"]
14:59:37.281 logback [main] INFO  o.a.coyote.http11.Http11NioProtocol - Starting ProtocolHandler ["http-nio-9220"]
14:59:37.291 logback [main] INFO  o.a.tomcat.util.net.NioSelectorPool - Using a shared selector for servlet write/read
14:59:37.314 logback [main] INFO  o.s.b.c.e.t.TomcatEmbeddedServletContainer - Tomcat started on port(s): 9220 (http)
14:59:37.319 logback [main] INFO  com.yeepay.web.Application - Started Application in 5.751 seconds (JVM running for 6.597)
